<?xml version="1.0" encoding="UTF-8"?>
<testsuite name="DefinitionTest" tests="7" skipped="0" failures="0" errors="0" timestamp="2015-10-15T21:19:54" hostname="epicodus-115.local" time="0.001">
  <properties/>
  <testcase name="definition_instantiatesCorrectly_true" classname="DefinitionTest" time="0.0"/>
  <testcase name="find_returnsDefinitionWithSameId_secondDefinition" classname="DefinitionTest" time="0.0"/>
  <testcase name="all_returnsAllInstancesOfDefinition_true" classname="DefinitionTest" time="0.0"/>
  <testcase name="find_returnsNullWhenNoDefinitionFound_null" classname="DefinitionTest" time="0.0"/>
  <testcase name="newId_definitionsInstantiateWithAnID_true" classname="DefinitionTest" time="0.0"/>
  <testcase name="clear_emptiesAllDefinitionsFromArrayList" classname="DefinitionTest" time="0.0"/>
  <testcase name="definition_instantiatesWithTerm_true" classname="DefinitionTest" time="0.0"/>
  <system-out><![CDATA[]]></system-out>
  <system-err><![CDATA[]]></system-err>
</testsuite>
